빌드 시작: 2014-09-29 오전 1:05:58
     1>2 노드의 "C:\Users\hyunmini\Desktop\book\1_window_system_hacking\program\1_local_exploit\reader\reader\reader.vcxproj" 프로젝트(build 대상)입니다.
     1>InitializeBuildStatus:
         "AlwaysCreate"이(가) 지정되었기 때문에 "Debug\reader.unsuccessfulbuild"을(를) 만들고 있습니다.
       ClCompile:
         D:\vs2010\VC\bin\CL.exe /c /ZI /nologo /W3 /WX- /Od /Oy- /D WIN32 /D _DEBUG /D _CONSOLE /D _UNICODE /D UNICODE /Gm /EHsc /RTC1 /MDd /GS- /fp:precise /Zc:wchar_t /Zc:forScope /Fo"Debug\\" /Fd"Debug\vc100.pdb" /Gd /TP /analyze- /errorReport:prompt reader.cpp
         reader.cpp
     1>c:\users\hyunmini\desktop\book\1_window_system_hacking\program\1_local_exploit\reader\reader\reader.cpp(19): warning C4996: 'fopen': This function or variable may be unsafe. Consider using fopen_s instead. To disable deprecation, use _CRT_SECURE_NO_WARNINGS. See online help for details.
                 d:\vs2010\vc\include\stdio.h(234) : 'fopen' 선언을 참조하십시오.
     1>c:\users\hyunmini\desktop\book\1_window_system_hacking\program\1_local_exploit\reader\reader\reader.cpp(21): warning C4996: 'strcpy': This function or variable may be unsafe. Consider using strcpy_s instead. To disable deprecation, use _CRT_SECURE_NO_WARNINGS. See online help for details.
                 d:\vs2010\vc\include\string.h(105) : 'strcpy' 선언을 참조하십시오.
       ManifestResourceCompile:
         모든 출력이 최신 상태입니다.
       Link:
         D:\vs2010\VC\bin\link.exe /ERRORREPORT:PROMPT /OUT:"C:\Users\hyunmini\Desktop\book\1_window_system_hacking\program\1_local_exploit\reader\Debug\reader.exe" /INCREMENTAL /NOLOGO kernel32.lib user32.lib gdi32.lib winspool.lib comdlg32.lib advapi32.lib shell32.lib ole32.lib oleaut32.lib uuid.lib odbc32.lib odbccp32.lib /MANIFEST /ManifestFile:"Debug\reader.exe.intermediate.manifest" /MANIFESTUAC:"level='asInvoker' uiAccess='false'" /DEBUG /PDB:"C:\Users\hyunmini\Desktop\book\1_window_system_hacking\program\1_local_exploit\reader\Debug\reader.pdb" /SUBSYSTEM:CONSOLE /TLBID:1 /DYNAMICBASE /NXCOMPAT /IMPLIB:"C:\Users\hyunmini\Desktop\book\1_window_system_hacking\program\1_local_exploit\reader\Debug\reader.lib" /MACHINE:X86 Debug\reader.exe.embed.manifest.res
         Debug\reader.obj
       Manifest:
         C:\Program Files (x86)\Microsoft SDKs\Windows\v7.0A\bin\mt.exe /nologo /verbose /out:"Debug\reader.exe.embed.manifest" /manifest Debug\reader.exe.intermediate.manifest
         모든 출력이 최신 상태입니다.
       LinkEmbedManifest:
         모든 출력이 최신 상태입니다.
         reader.vcxproj -> C:\Users\hyunmini\Desktop\book\1_window_system_hacking\program\1_local_exploit\reader\Debug\reader.exe
       FinalizeBuildStatus:
         "Debug\reader.unsuccessfulbuild" 파일을 삭제하고 있습니다.
         "Debug\reader.lastbuildstate"에 연결(touching)하고 있습니다.
     1>"C:\Users\hyunmini\Desktop\book\1_window_system_hacking\program\1_local_exploit\reader\reader\reader.vcxproj" 프로젝트를 빌드했습니다(build 대상).

빌드했습니다.

경과 시간: 00:00:01.15
