빌드 시작: 2015-07-28 오전 9:53:35
     1>2 노드의 "Z:\share\book\1_window_system_hacking\program\1_local_exploit\info_leak\info_leak\info_leak.vcxproj" 프로젝트(build 대상)입니다.
     1>InitializeBuildStatus:
         "AlwaysCreate"이(가) 지정되었기 때문에 "Debug\info_leak.unsuccessfulbuild"을(를) 만들고 있습니다.
       ClCompile:
         모든 출력이 최신 상태입니다.
         모든 출력이 최신 상태입니다.
       ManifestResourceCompile:
         C:\Program Files\Microsoft SDKs\Windows\v7.0A\bin\rc.exe /nologo /fo"Debug\info_leak.exe.embed.manifest.res" Debug\info_leak_manifest.rc 
       Link:
         C:\Program Files\Microsoft Visual Studio 10.0\VC\bin\link.exe /ERRORREPORT:PROMPT /OUT:"Z:\share\book\1_window_system_hacking\program\1_local_exploit\info_leak\Debug\info_leak.exe" /INCREMENTAL /NOLOGO kernel32.lib user32.lib gdi32.lib winspool.lib comdlg32.lib advapi32.lib shell32.lib ole32.lib oleaut32.lib uuid.lib odbc32.lib odbccp32.lib /MANIFEST /ManifestFile:"Debug\info_leak.exe.intermediate.manifest" /MANIFESTUAC:"level='asInvoker' uiAccess='false'" /DEBUG /PDB:"Z:\share\book\1_window_system_hacking\program\1_local_exploit\info_leak\Debug\info_leak.pdb" /SUBSYSTEM:CONSOLE /TLBID:1 /DYNAMICBASE /NXCOMPAT /IMPLIB:"Z:\share\book\1_window_system_hacking\program\1_local_exploit\info_leak\Debug\info_leak.lib" /MACHINE:X86 Debug\info_leak.exe.embed.manifest.res
         Debug\info_leak.obj
         Debug\stdafx.obj
       Manifest:
         C:\Program Files\Microsoft SDKs\Windows\v7.0A\bin\mt.exe /nologo /verbose /out:"Debug\info_leak.exe.embed.manifest" /manifest Debug\info_leak.exe.intermediate.manifest
         C:\Program Files\Microsoft SDKs\Windows\v7.0A\bin\rc.exe /nologo /fo"Debug\info_leak.exe.embed.manifest.res" Debug\info_leak_manifest.rc 
       LinkEmbedManifest:
         모든 출력이 최신 상태입니다.
         info_leak.vcxproj -> Z:\share\book\1_window_system_hacking\program\1_local_exploit\info_leak\Debug\info_leak.exe
       FinalizeBuildStatus:
         "Debug\info_leak.unsuccessfulbuild" 파일을 삭제하고 있습니다.
         "Debug\info_leak.lastbuildstate"에 연결(touching)하고 있습니다.
     1>"Z:\share\book\1_window_system_hacking\program\1_local_exploit\info_leak\info_leak\info_leak.vcxproj" 프로젝트를 빌드했습니다(build 대상).

빌드했습니다.

경과 시간: 00:00:00.63
