빌드 시작: 2015-02-14 오후 11:50:26
     1>2 노드의 "E:\book\1_window_system_hacking\program\1_local_exploit\reader\reader\reader.vcxproj" 프로젝트(build 대상)입니다.
     1>InitializeBuildStatus:
         "AlwaysCreate"이(가) 지정되었기 때문에 "Release\reader.unsuccessfulbuild"을(를) 만들고 있습니다.
       ClCompile:
         C:\Program Files\Microsoft Visual Studio 10.0\VC\bin\CL.exe /c /Zi /nologo /W3 /WX- /O2 /Oi /Oy- /GL /D WIN32 /D NDEBUG /D _CONSOLE /D _UNICODE /D UNICODE /Gm- /EHsc /MD /GS /Gy /fp:precise /Zc:wchar_t /Zc:forScope /Fo"Release\\" /Fd"Release\vc100.pdb" /Gd /TP /analyze- /errorReport:prompt reader.cpp
         reader.cpp
     1>reader.cpp(37): warning C4996: 'fopen': This function or variable may be unsafe. Consider using fopen_s instead. To disable deprecation, use _CRT_SECURE_NO_WARNINGS. See online help for details.
                 C:\Program Files\Microsoft Visual Studio 10.0\VC\include\stdio.h(234) : 'fopen' 선언을 참조하십시오.
       Link:
         C:\Program Files\Microsoft Visual Studio 10.0\VC\bin\link.exe /ERRORREPORT:PROMPT /OUT:"E:\book\1_window_system_hacking\program\1_local_exploit\reader\Release\reader.exe" /INCREMENTAL:NO /NOLOGO kernel32.lib user32.lib gdi32.lib winspool.lib comdlg32.lib advapi32.lib shell32.lib ole32.lib oleaut32.lib uuid.lib odbc32.lib odbccp32.lib /MANIFEST /ManifestFile:"Release\reader.exe.intermediate.manifest" /MANIFESTUAC:"level='asInvoker' uiAccess='false'" /DEBUG /PDB:"E:\book\1_window_system_hacking\program\1_local_exploit\reader\Release\reader.pdb" /SUBSYSTEM:CONSOLE /OPT:REF /OPT:ICF /LTCG /TLBID:1 /DYNAMICBASE:NO /NXCOMPAT:NO /IMPLIB:"E:\book\1_window_system_hacking\program\1_local_exploit\reader\Release\reader.lib" /MACHINE:X86 /SAFESEH:NO Release\reader.obj
         코드를 생성하고 있습니다.
         코드를 생성했습니다.
         reader.vcxproj -> E:\book\1_window_system_hacking\program\1_local_exploit\reader\Release\reader.exe
       Manifest:
         C:\Program Files\Microsoft SDKs\Windows\v7.0A\bin\mt.exe /nologo /verbose /outputresource:"E:\book\1_window_system_hacking\program\1_local_exploit\reader\Release\reader.exe;#1" /manifest Release\reader.exe.intermediate.manifest
       FinalizeBuildStatus:
         "Release\reader.unsuccessfulbuild" 파일을 삭제하고 있습니다.
         "Release\reader.lastbuildstate"에 연결(touching)하고 있습니다.
     1>"E:\book\1_window_system_hacking\program\1_local_exploit\reader\reader\reader.vcxproj" 프로젝트를 빌드했습니다(build 대상).

빌드했습니다.

경과 시간: 00:00:01.39
