빌드 시작: 2015-11-09 오후 8:41:23
     1>2 노드의 "Z:\share\book\1_window_system_hacking\program\1_local_exploit\shellcode_cmd\shellcode_cmd\shellcode_cmd.vcxproj" 프로젝트(build 대상)입니다.
     1>InitializeBuildStatus:
         "AlwaysCreate"이(가) 지정되었기 때문에 "Release\shellcode_cmd.unsuccessfulbuild"을(를) 만들고 있습니다.
       ClCompile:
         C:\Program Files\Microsoft Visual Studio 10.0\VC\bin\CL.exe /c /Zi /nologo /W3 /WX- /O2 /Oi /Oy- /GL /D WIN32 /D NDEBUG /D _CONSOLE /D _UNICODE /D UNICODE /Gm- /EHsc /MD /GS /Gy /fp:precise /Zc:wchar_t /Zc:forScope /Fo"Release\\" /Fd"Release\vc100.pdb" /Gd /TP /analyze- /errorReport:prompt shellcode_cmd.cpp
         shellcode_cmd.cpp
       Link:
         C:\Program Files\Microsoft Visual Studio 10.0\VC\bin\link.exe /ERRORREPORT:PROMPT /OUT:"Z:\share\book\1_window_system_hacking\program\1_local_exploit\shellcode_cmd\Release\shellcode_cmd.exe" /INCREMENTAL:NO /NOLOGO kernel32.lib user32.lib gdi32.lib winspool.lib comdlg32.lib advapi32.lib shell32.lib ole32.lib oleaut32.lib uuid.lib odbc32.lib odbccp32.lib /MANIFEST /ManifestFile:"Release\shellcode_cmd.exe.intermediate.manifest" /MANIFESTUAC:"level='asInvoker' uiAccess='false'" /DEBUG /PDB:"Z:\share\book\1_window_system_hacking\program\1_local_exploit\shellcode_cmd\Release\shellcode_cmd.pdb" /SUBSYSTEM:CONSOLE /OPT:REF /OPT:ICF /LTCG /TLBID:1 /DYNAMICBASE /NXCOMPAT:NO /IMPLIB:"Z:\share\book\1_window_system_hacking\program\1_local_exploit\shellcode_cmd\Release\shellcode_cmd.lib" /MACHINE:X86 Release\shellcode_cmd.obj
         Release\stdafx.obj
         코드를 생성하고 있습니다.
         코드를 생성했습니다.
         shellcode_cmd.vcxproj -> Z:\share\book\1_window_system_hacking\program\1_local_exploit\shellcode_cmd\Release\shellcode_cmd.exe
       Manifest:
         C:\Program Files\Microsoft SDKs\Windows\v7.0A\bin\mt.exe /nologo /verbose /outputresource:"Z:\share\book\1_window_system_hacking\program\1_local_exploit\shellcode_cmd\Release\shellcode_cmd.exe;#1" /manifest Release\shellcode_cmd.exe.intermediate.manifest
       FinalizeBuildStatus:
         "Release\shellcode_cmd.unsuccessfulbuild" 파일을 삭제하고 있습니다.
         "Release\shellcode_cmd.lastbuildstate"에 연결(touching)하고 있습니다.
     1>"Z:\share\book\1_window_system_hacking\program\1_local_exploit\shellcode_cmd\shellcode_cmd\shellcode_cmd.vcxproj" 프로젝트를 빌드했습니다(build 대상).

빌드했습니다.

경과 시간: 00:00:00.76
