빌드 시작: 2016-02-20 오전 12:08:46
     1>2 노드의 "Z:\share\book\1_window_system_hacking\program\1_local_exploit\shellcode_msfencode\shellcode_1\shellcode_1.vcxproj" 프로젝트(build 대상)입니다.
     1>PrepareForBuild:
         "Z:\share\book\1_window_system_hacking\program\1_local_exploit\shellcode_msfencode\Debug\" 디렉터리를 만들고 있습니다.
       InitializeBuildStatus:
         "AlwaysCreate"이(가) 지정되었기 때문에 "Debug\shellcode_1.unsuccessfulbuild"을(를) 만들고 있습니다.
       ClCompile:
         C:\Program Files\Microsoft Visual Studio 10.0\VC\bin\CL.exe /c /ZI /nologo /W3 /WX- /Od /Oy- /D WIN32 /D _DEBUG /D _CONSOLE /D _UNICODE /D UNICODE /Gm /EHsc /RTC1 /MDd /GS /fp:precise /Zc:wchar_t /Zc:forScope /Fo"Debug\\" /Fd"Debug\vc100.pdb" /Gr /TP /analyze- /errorReport:prompt shellcode_1.cpp
         shellcode_1.cpp
     1>z:\share\book\1_window_system_hacking\program\1_local_exploit\shellcode_msfencode\shellcode_1\shellcode_1.cpp(24): warning C4007: 'wmain' : '__cdecl'이어야 합니다.
       ManifestResourceCompile:
         C:\Program Files\Microsoft SDKs\Windows\v7.0A\bin\rc.exe /nologo /fo"Debug\shellcode_1.exe.embed.manifest.res" Debug\shellcode_1_manifest.rc 
       Link:
         C:\Program Files\Microsoft Visual Studio 10.0\VC\bin\link.exe /ERRORREPORT:PROMPT /OUT:"Z:\share\book\1_window_system_hacking\program\1_local_exploit\shellcode_msfencode\Debug\shellcode_1.exe" /INCREMENTAL /NOLOGO kernel32.lib user32.lib gdi32.lib winspool.lib comdlg32.lib advapi32.lib shell32.lib ole32.lib oleaut32.lib uuid.lib odbc32.lib odbccp32.lib /MANIFEST /ManifestFile:"Debug\shellcode_1.exe.intermediate.manifest" /MANIFESTUAC:"level='asInvoker' uiAccess='false'" /DEBUG /PDB:"Z:\share\book\1_window_system_hacking\program\1_local_exploit\shellcode_msfencode\Debug\shellcode_1.pdb" /SUBSYSTEM:CONSOLE /TLBID:1 /DYNAMICBASE /NXCOMPAT:NO /IMPLIB:"Z:\share\book\1_window_system_hacking\program\1_local_exploit\shellcode_msfencode\Debug\shellcode_1.lib" /MACHINE:X86 Debug\shellcode_1.exe.embed.manifest.res
         Debug\shellcode_1.obj
         Debug\stdafx.obj
       Manifest:
         C:\Program Files\Microsoft SDKs\Windows\v7.0A\bin\mt.exe /nologo /verbose /out:"Debug\shellcode_1.exe.embed.manifest" /manifest Debug\shellcode_1.exe.intermediate.manifest
         C:\Program Files\Microsoft SDKs\Windows\v7.0A\bin\rc.exe /nologo /fo"Debug\shellcode_1.exe.embed.manifest.res" Debug\shellcode_1_manifest.rc 
       LinkEmbedManifest:
         모든 출력이 최신 상태입니다.
         shellcode_1.vcxproj -> Z:\share\book\1_window_system_hacking\program\1_local_exploit\shellcode_msfencode\Debug\shellcode_1.exe
       FinalizeBuildStatus:
         "Debug\shellcode_1.unsuccessfulbuild" 파일을 삭제하고 있습니다.
         "Debug\shellcode_1.lastbuildstate"에 연결(touching)하고 있습니다.
     1>"Z:\share\book\1_window_system_hacking\program\1_local_exploit\shellcode_msfencode\shellcode_1\shellcode_1.vcxproj" 프로젝트를 빌드했습니다(build 대상).

빌드했습니다.

경과 시간: 00:00:01.41
