빌드 시작: 2015-02-20 오전 1:38:31
     1>2 노드의 "E:\book\1_window_system_hacking\program\1_local_exploit\vul_bookmanager\bookmanager\bookmanager\bookmanager.vcxproj" 프로젝트(build 대상)입니다.
     1>InitializeBuildStatus:
         "AlwaysCreate"이(가) 지정되었기 때문에 "Debug\bookmanager.unsuccessfulbuild"을(를) 만들고 있습니다.
       ClCompile:
         모든 출력이 최신 상태입니다.
         C:\Program Files\Microsoft Visual Studio 10.0\VC\bin\CL.exe /c /ZI /nologo /W3 /WX- /Od /Oy- /D WIN32 /D _DEBUG /D _CONSOLE /D _UNICODE /D UNICODE /Gm /EHsc /RTC1 /MDd /GS /fp:precise /Zc:wchar_t /Zc:forScope /Yu"StdAfx.h" /Fp"Debug\bookmanager.pch" /Fo"Debug\\" /Fd"Debug\vc100.pdb" /Gd /TP /analyze- /errorReport:prompt bookmanager.cpp
         bookmanager.cpp
     1>e:\book\1_window_system_hacking\program\1_local_exploit\vul_bookmanager\bookmanager\bookmanager\bookmanager.cpp(72): warning C4996: 'strcpy': This function or variable may be unsafe. Consider using strcpy_s instead. To disable deprecation, use _CRT_SECURE_NO_WARNINGS. See online help for details.
                 c:\program files\microsoft visual studio 10.0\vc\include\string.h(105) : 'strcpy' 선언을 참조하십시오.
       ManifestResourceCompile:
         모든 출력이 최신 상태입니다.
       Link:
         C:\Program Files\Microsoft Visual Studio 10.0\VC\bin\link.exe /ERRORREPORT:PROMPT /OUT:"E:\book\1_window_system_hacking\program\1_local_exploit\vul_bookmanager\bookmanager\Debug\bookmanager.exe" /INCREMENTAL /NOLOGO kernel32.lib user32.lib gdi32.lib winspool.lib comdlg32.lib advapi32.lib shell32.lib ole32.lib oleaut32.lib uuid.lib odbc32.lib odbccp32.lib /MANIFEST /ManifestFile:"Debug\bookmanager.exe.intermediate.manifest" /MANIFESTUAC:"level='asInvoker' uiAccess='false'" /DEBUG /PDB:"E:\book\1_window_system_hacking\program\1_local_exploit\vul_bookmanager\bookmanager\Debug\bookmanager.pdb" /SUBSYSTEM:CONSOLE /TLBID:1 /DYNAMICBASE:NO /NXCOMPAT:NO /IMPLIB:"E:\book\1_window_system_hacking\program\1_local_exploit\vul_bookmanager\bookmanager\Debug\bookmanager.lib" /MACHINE:X86 Debug\bookmanager.exe.embed.manifest.res
         Debug\bookmanager.obj
         Debug\stdafx.obj
       Manifest:
         C:\Program Files\Microsoft SDKs\Windows\v7.0A\bin\mt.exe /nologo /verbose /out:"Debug\bookmanager.exe.embed.manifest" /manifest Debug\bookmanager.exe.intermediate.manifest
         모든 출력이 최신 상태입니다.
       LinkEmbedManifest:
         모든 출력이 최신 상태입니다.
         bookmanager.vcxproj -> E:\book\1_window_system_hacking\program\1_local_exploit\vul_bookmanager\bookmanager\Debug\bookmanager.exe
       FinalizeBuildStatus:
         "Debug\bookmanager.unsuccessfulbuild" 파일을 삭제하고 있습니다.
         "Debug\bookmanager.lastbuildstate"에 연결(touching)하고 있습니다.
     1>"E:\book\1_window_system_hacking\program\1_local_exploit\vul_bookmanager\bookmanager\bookmanager\bookmanager.vcxproj" 프로젝트를 빌드했습니다(build 대상).

빌드했습니다.

경과 시간: 00:00:01.17
