빌드 시작: 2015-12-30 오후 11:33:42
     1>2 노드의 "Z:\share\book\1_window_system_hacking\program\1_local_exploit\vul_HTTP_server\vul_HTTP_server\vul_HTTP_server.vcxproj" 프로젝트(build 대상)입니다.
     1>InitializeBuildStatus:
         "AlwaysCreate"이(가) 지정되었기 때문에 "Debug\vul_HTTP_server.unsuccessfulbuild"을(를) 만들고 있습니다.
       ClCompile:
         C:\Program Files\Microsoft Visual Studio 10.0\VC\bin\CL.exe /c /ZI /nologo /W3 /WX- /Od /Oy- /D WIN32 /D _CONSOLE /D _UNICODE /D UNICODE /Gm /MDd /GS- /fp:precise /Zc:wchar_t /Zc:forScope /Fo"Debug\\" /Fd"Debug\vc100.pdb" /Gd /TP /analyze- /errorReport:prompt vul_HTTP_server.cpp
         vul_HTTP_server.cpp
     1>z:\share\book\1_window_system_hacking\program\1_local_exploit\vul_http_server\vul_http_server\vul_http_server.cpp(21): warning C4996: 'strtok': This function or variable may be unsafe. Consider using strtok_s instead. To disable deprecation, use _CRT_SECURE_NO_WARNINGS. See online help for details.
                 c:\program files\microsoft visual studio 10.0\vc\include\string.h(197) : 'strtok' 선언을 참조하십시오.
     1>z:\share\book\1_window_system_hacking\program\1_local_exploit\vul_http_server\vul_http_server\vul_http_server.cpp(24): warning C4996: 'strcpy': This function or variable may be unsafe. Consider using strcpy_s instead. To disable deprecation, use _CRT_SECURE_NO_WARNINGS. See online help for details.
                 c:\program files\microsoft visual studio 10.0\vc\include\string.h(105) : 'strcpy' 선언을 참조하십시오.
     1>z:\share\book\1_window_system_hacking\program\1_local_exploit\vul_http_server\vul_http_server\vul_http_server.cpp(37): warning C4996: 'sprintf': This function or variable may be unsafe. Consider using sprintf_s instead. To disable deprecation, use _CRT_SECURE_NO_WARNINGS. See online help for details.
                 c:\program files\microsoft visual studio 10.0\vc\include\stdio.h(371) : 'sprintf' 선언을 참조하십시오.
     1>z:\share\book\1_window_system_hacking\program\1_local_exploit\vul_http_server\vul_http_server\vul_http_server.cpp(50): warning C4996: 'sprintf': This function or variable may be unsafe. Consider using sprintf_s instead. To disable deprecation, use _CRT_SECURE_NO_WARNINGS. See online help for details.
                 c:\program files\microsoft visual studio 10.0\vc\include\stdio.h(371) : 'sprintf' 선언을 참조하십시오.
       ManifestResourceCompile:
         C:\Program Files\Microsoft SDKs\Windows\v7.0A\bin\rc.exe /nologo /fo"Debug\vul_HTTP_server.exe.embed.manifest.res" Debug\vul_HTTP_server_manifest.rc 
       Link:
         C:\Program Files\Microsoft Visual Studio 10.0\VC\bin\link.exe /ERRORREPORT:PROMPT /OUT:"Z:\share\book\1_window_system_hacking\program\1_local_exploit\vul_HTTP_server\Debug\vul_HTTP_server.exe" /INCREMENTAL /NOLOGO kernel32.lib user32.lib gdi32.lib winspool.lib comdlg32.lib advapi32.lib shell32.lib ole32.lib oleaut32.lib uuid.lib odbc32.lib odbccp32.lib /MANIFEST /ManifestFile:"Debug\vul_HTTP_server.exe.intermediate.manifest" /MANIFESTUAC:"level='asInvoker' uiAccess='false'" /DEBUG /PDB:"Z:\share\book\1_window_system_hacking\program\1_local_exploit\vul_HTTP_server\Debug\vul_HTTP_server.pdb" /SUBSYSTEM:CONSOLE /TLBID:1 /DYNAMICBASE:NO /NXCOMPAT:NO /IMPLIB:"Z:\share\book\1_window_system_hacking\program\1_local_exploit\vul_HTTP_server\Debug\vul_HTTP_server.lib" /MACHINE:X86 Debug\vul_HTTP_server.exe.embed.manifest.res
         Debug\vul_HTTP_server.obj
       Manifest:
         C:\Program Files\Microsoft SDKs\Windows\v7.0A\bin\mt.exe /nologo /verbose /out:"Debug\vul_HTTP_server.exe.embed.manifest" /manifest Debug\vul_HTTP_server.exe.intermediate.manifest
         C:\Program Files\Microsoft SDKs\Windows\v7.0A\bin\rc.exe /nologo /fo"Debug\vul_HTTP_server.exe.embed.manifest.res" Debug\vul_HTTP_server_manifest.rc 
       LinkEmbedManifest:
         모든 출력이 최신 상태입니다.
         vul_HTTP_server.vcxproj -> Z:\share\book\1_window_system_hacking\program\1_local_exploit\vul_HTTP_server\Debug\vul_HTTP_server.exe
       FinalizeBuildStatus:
         "Debug\vul_HTTP_server.unsuccessfulbuild" 파일을 삭제하고 있습니다.
         "Debug\vul_HTTP_server.lastbuildstate"에 연결(touching)하고 있습니다.
     1>"Z:\share\book\1_window_system_hacking\program\1_local_exploit\vul_HTTP_server\vul_HTTP_server\vul_HTTP_server.vcxproj" 프로젝트를 빌드했습니다(build 대상).

빌드했습니다.

경과 시간: 00:00:02.16
