빌드 시작: 2016-02-08 오후 11:15:03
     1>2 노드의 "Z:\share\book\1_window_system_hacking\source\part 03. 쉘코드 원리와 작성\1.1 쉘코드 기본\shellcode_cmd2\새 폴더\shellcode_cmd\shellcode_cmd.vcxproj" 프로젝트(build 대상)입니다.
     1>InitializeBuildStatus:
         "AlwaysCreate"이(가) 지정되었기 때문에 "Debug\shellcode_cmd.unsuccessfulbuild"을(를) 만들고 있습니다.
       ClCompile:
         C:\Program Files\Microsoft Visual Studio 10.0\VC\bin\CL.exe /c /ZI /nologo /W3 /WX- /Od /Oi /Oy- /D WIN32 /D _DEBUG /D _CONSOLE /D _UNICODE /D UNICODE /Gm /EHsc /RTC1 /MDd /GS /fp:precise /Zc:wchar_t /Zc:forScope /Fo"Debug\\" /Fd"Debug\vc100.pdb" /Gd /TP /analyze- /errorReport:prompt shellcode_cmd.cpp stdafx.cpp
         stdafx.cpp
         shellcode_cmd.cpp
         코드를 생성하고 있습니다...
       ManifestResourceCompile:
         C:\Program Files\Microsoft SDKs\Windows\v7.0A\bin\rc.exe /nologo /fo"Debug\shellcode_cmd.exe.embed.manifest.res" Debug\shellcode_cmd_manifest.rc 
       Link:
         C:\Program Files\Microsoft Visual Studio 10.0\VC\bin\link.exe /ERRORREPORT:PROMPT /OUT:"Z:\share\book\1_window_system_hacking\source\part 03. 쉘코드 원리와 작성\1.1 쉘코드 기본\shellcode_cmd2\새 폴더\Debug\shellcode_cmd.exe" /INCREMENTAL /NOLOGO kernel32.lib user32.lib gdi32.lib winspool.lib comdlg32.lib advapi32.lib shell32.lib ole32.lib oleaut32.lib uuid.lib odbc32.lib odbccp32.lib /MANIFEST /ManifestFile:"Debug\shellcode_cmd.exe.intermediate.manifest" /MANIFESTUAC:"level='asInvoker' uiAccess='false'" /DEBUG /PDB:"Z:\share\book\1_window_system_hacking\source\part 03. 쉘코드 원리와 작성\1.1 쉘코드 기본\shellcode_cmd2\새 폴더\Debug\shellcode_cmd.pdb" /SUBSYSTEM:CONSOLE /TLBID:1 /DYNAMICBASE /NXCOMPAT:NO /IMPLIB:"Z:\share\book\1_window_system_hacking\source\part 03. 쉘코드 원리와 작성\1.1 쉘코드 기본\shellcode_cmd2\새 폴더\Debug\shellcode_cmd.lib" /MACHINE:X86 Debug\shellcode_cmd.exe.embed.manifest.res
         Debug\shellcode_cmd.obj
         Debug\stdafx.obj
       Manifest:
         C:\Program Files\Microsoft SDKs\Windows\v7.0A\bin\mt.exe /nologo /verbose /out:"Debug\shellcode_cmd.exe.embed.manifest" /manifest Debug\shellcode_cmd.exe.intermediate.manifest
         C:\Program Files\Microsoft SDKs\Windows\v7.0A\bin\rc.exe /nologo /fo"Debug\shellcode_cmd.exe.embed.manifest.res" Debug\shellcode_cmd_manifest.rc 
       LinkEmbedManifest:
         모든 출력이 최신 상태입니다.
         shellcode_cmd.vcxproj -> Z:\share\book\1_window_system_hacking\source\part 03. 쉘코드 원리와 작성\1.1 쉘코드 기본\shellcode_cmd2\새 폴더\Debug\shellcode_cmd.exe
       FinalizeBuildStatus:
         "Debug\shellcode_cmd.unsuccessfulbuild" 파일을 삭제하고 있습니다.
         "Debug\shellcode_cmd.lastbuildstate"에 연결(touching)하고 있습니다.
     1>"Z:\share\book\1_window_system_hacking\source\part 03. 쉘코드 원리와 작성\1.1 쉘코드 기본\shellcode_cmd2\새 폴더\shellcode_cmd\shellcode_cmd.vcxproj" 프로젝트를 빌드했습니다(build 대상).

빌드했습니다.

경과 시간: 00:00:02.18
