빌드 시작: 2015-12-30 오후 11:48:35
     1>2 노드의 "Z:\share\book\1_window_system_hacking\program\1_local_exploit\vul_bookmanager\bookmanager\bookmanager\bookmanager.vcxproj" 프로젝트(build 대상)입니다.
     1>InitializeBuildStatus:
         "AlwaysCreate"이(가) 지정되었기 때문에 "Release\bookmanager.unsuccessfulbuild"을(를) 만들고 있습니다.
       ClCompile:
         모든 출력이 최신 상태입니다.
         C:\Program Files\Microsoft Visual Studio 10.0\VC\bin\CL.exe /c /Zi /nologo /W3 /WX- /Od /Oy- /D WIN32 /D NDEBUG /D _CONSOLE /D _UNICODE /D UNICODE /Gm- /EHsc /MD /GS /Gy /fp:precise /Zc:wchar_t /Zc:forScope /Yu"StdAfx.h" /Fp"Release\bookmanager.pch" /Fo"Release\\" /Fd"Release\vc100.pdb" /Gd /TP /analyze- /errorReport:prompt bookmanager.cpp
         bookmanager.cpp
     1>bookmanager.cpp(14): warning C4996: 'strcpy': This function or variable may be unsafe. Consider using strcpy_s instead. To disable deprecation, use _CRT_SECURE_NO_WARNINGS. See online help for details.
                 C:\Program Files\Microsoft Visual Studio 10.0\VC\include\string.h(105) : 'strcpy' 선언을 참조하십시오.
     1>bookmanager.cpp(19): warning C4996: 'strncpy': This function or variable may be unsafe. Consider using strncpy_s instead. To disable deprecation, use _CRT_SECURE_NO_WARNINGS. See online help for details.
                 C:\Program Files\Microsoft Visual Studio 10.0\VC\include\string.h(188) : 'strncpy' 선언을 참조하십시오.
     1>bookmanager.cpp(42): warning C4996: 'fopen': This function or variable may be unsafe. Consider using fopen_s instead. To disable deprecation, use _CRT_SECURE_NO_WARNINGS. See online help for details.
                 C:\Program Files\Microsoft Visual Studio 10.0\VC\include\stdio.h(234) : 'fopen' 선언을 참조하십시오.
       Link:
         C:\Program Files\Microsoft Visual Studio 10.0\VC\bin\link.exe /ERRORREPORT:PROMPT /OUT:"Z:\share\book\1_window_system_hacking\program\1_local_exploit\vul_bookmanager\bookmanager\Release\bookmanager.exe" /INCREMENTAL:NO /NOLOGO kernel32.lib user32.lib gdi32.lib winspool.lib comdlg32.lib advapi32.lib shell32.lib ole32.lib oleaut32.lib uuid.lib odbc32.lib odbccp32.lib /MANIFEST /ManifestFile:"Release\bookmanager.exe.intermediate.manifest" /MANIFESTUAC:"level='asInvoker' uiAccess='false'" /DEBUG /PDB:"Z:\share\book\1_window_system_hacking\program\1_local_exploit\vul_bookmanager\bookmanager\Release\bookmanager.pdb" /SUBSYSTEM:CONSOLE /OPT:REF /OPT:ICF /LTCG /TLBID:1 /DYNAMICBASE:NO /NXCOMPAT:NO /IMPLIB:"Z:\share\book\1_window_system_hacking\program\1_local_exploit\vul_bookmanager\bookmanager\Release\bookmanager.lib" /MACHINE:X86 Release\bookmanager.obj
         Release\stdafx.obj
         LINK : /LTCG를 지정했지만 코드를 생성할 필요가 없습니다. 명령줄에서 /LTCG를 제거하면 링커 성능이 향상됩니다.
         bookmanager.vcxproj -> Z:\share\book\1_window_system_hacking\program\1_local_exploit\vul_bookmanager\bookmanager\Release\bookmanager.exe
       Manifest:
         C:\Program Files\Microsoft SDKs\Windows\v7.0A\bin\mt.exe /nologo /verbose /outputresource:"Z:\share\book\1_window_system_hacking\program\1_local_exploit\vul_bookmanager\bookmanager\Release\bookmanager.exe;#1" /manifest Release\bookmanager.exe.intermediate.manifest
       FinalizeBuildStatus:
         "Release\bookmanager.unsuccessfulbuild" 파일을 삭제하고 있습니다.
         "Release\bookmanager.lastbuildstate"에 연결(touching)하고 있습니다.
     1>"Z:\share\book\1_window_system_hacking\program\1_local_exploit\vul_bookmanager\bookmanager\bookmanager\bookmanager.vcxproj" 프로젝트를 빌드했습니다(build 대상).

빌드했습니다.

경과 시간: 00:00:01.34
